<?xml version="1.0" encoding="UTF-8"?>
<testsuite xmlns:xsi="http://www.w3.org/2001/XMLSchema-instance" xsi:noNamespaceSchemaLocation="https://maven.apache.org/surefire/maven-surefire-plugin/xsd/surefire-test-report.xsd" name="v2.button.panic.CosmicFinalExamTest" time="0.596" tests="31" errors="0" skipped="0" failures="24">
  <properties>
    <property name="java.specification.version" value="22"/>
    <property name="sun.cpu.isalist" value="amd64"/>
    <property name="sun.jnu.encoding" value="Cp1252"/>
    <property name="java.class.path" value="C:\Users\Bill Qubeka\Desktop\wethinkcode\Cosmic-Final-Exam\target\test-classes;C:\Users\Bill Qubeka\Desktop\wethinkcode\Cosmic-Final-Exam\target\classes;C:\Users\Bill Qubeka\.m2\repository\org\junit\jupiter\junit-jupiter\5.9.2\junit-jupiter-5.9.2.jar;C:\Users\Bill Qubeka\.m2\repository\org\junit\jupiter\junit-jupiter-api\5.9.2\junit-jupiter-api-5.9.2.jar;C:\Users\Bill Qubeka\.m2\repository\org\opentest4j\opentest4j\1.2.0\opentest4j-1.2.0.jar;C:\Users\Bill Qubeka\.m2\repository\org\junit\platform\junit-platform-commons\1.9.2\junit-platform-commons-1.9.2.jar;C:\Users\Bill Qubeka\.m2\repository\org\apiguardian\apiguardian-api\1.1.2\apiguardian-api-1.1.2.jar;C:\Users\Bill Qubeka\.m2\repository\org\junit\jupiter\junit-jupiter-params\5.9.2\junit-jupiter-params-5.9.2.jar;C:\Users\Bill Qubeka\.m2\repository\org\junit\jupiter\junit-jupiter-engine\5.9.2\junit-jupiter-engine-5.9.2.jar;C:\Users\Bill Qubeka\.m2\repository\org\junit\platform\junit-platform-engine\1.9.2\junit-platform-engine-1.9.2.jar;"/>
    <property name="java.vm.vendor" value="Oracle Corporation"/>
    <property name="sun.arch.data.model" value="64"/>
    <property name="user.variant" value=""/>
    <property name="java.vendor.url" value="https://java.oracle.com/"/>
    <property name="user.timezone" value="Africa/Johannesburg"/>
    <property name="os.name" value="Windows 11"/>
    <property name="java.vm.specification.version" value="22"/>
    <property name="sun.java.launcher" value="SUN_STANDARD"/>
    <property name="user.country" value="ZA"/>
    <property name="sun.boot.library.path" value="C:\Program Files\OpenJDK\jdk-22.0.2\bin"/>
    <property name="sun.java.command" value="C:\Users\BILLQU~1\AppData\Local\Temp\surefire382185890310445946\surefirebooter7581066903528864615.jar C:\Users\Bill Qubeka\AppData\Local\Temp\surefire382185890310445946 2025-06-07T11-08-09_509-jvmRun1 surefire11092746369700914554tmp surefire_013058598172620510557tmp"/>
    <property name="jdk.debug" value="release"/>
    <property name="surefire.test.class.path" value="C:\Users\Bill Qubeka\Desktop\wethinkcode\Cosmic-Final-Exam\target\test-classes;C:\Users\Bill Qubeka\Desktop\wethinkcode\Cosmic-Final-Exam\target\classes;C:\Users\Bill Qubeka\.m2\repository\org\junit\jupiter\junit-jupiter\5.9.2\junit-jupiter-5.9.2.jar;C:\Users\Bill Qubeka\.m2\repository\org\junit\jupiter\junit-jupiter-api\5.9.2\junit-jupiter-api-5.9.2.jar;C:\Users\Bill Qubeka\.m2\repository\org\opentest4j\opentest4j\1.2.0\opentest4j-1.2.0.jar;C:\Users\Bill Qubeka\.m2\repository\org\junit\platform\junit-platform-commons\1.9.2\junit-platform-commons-1.9.2.jar;C:\Users\Bill Qubeka\.m2\repository\org\apiguardian\apiguardian-api\1.1.2\apiguardian-api-1.1.2.jar;C:\Users\Bill Qubeka\.m2\repository\org\junit\jupiter\junit-jupiter-params\5.9.2\junit-jupiter-params-5.9.2.jar;C:\Users\Bill Qubeka\.m2\repository\org\junit\jupiter\junit-jupiter-engine\5.9.2\junit-jupiter-engine-5.9.2.jar;C:\Users\Bill Qubeka\.m2\repository\org\junit\platform\junit-platform-engine\1.9.2\junit-platform-engine-1.9.2.jar;"/>
    <property name="sun.cpu.endian" value="little"/>
    <property name="user.home" value="C:\Users\Bill Qubeka"/>
    <property name="user.language" value="en"/>
    <property name="java.specification.vendor" value="Oracle Corporation"/>
    <property name="java.version.date" value="2024-07-16"/>
    <property name="java.home" value="C:\Program Files\OpenJDK\jdk-22.0.2"/>
    <property name="file.separator" value="\"/>
    <property name="basedir" value="C:\Users\Bill Qubeka\Desktop\wethinkcode\Cosmic-Final-Exam"/>
    <property name="java.vm.compressedOopsMode" value="32-bit"/>
    <property name="line.separator" value="&#10;"/>
    <property name="java.vm.specification.vendor" value="Oracle Corporation"/>
    <property name="java.specification.name" value="Java Platform API Specification"/>
    <property name="surefire.real.class.path" value="C:\Users\BILLQU~1\AppData\Local\Temp\surefire382185890310445946\surefirebooter7581066903528864615.jar"/>
    <property name="user.script" value=""/>
    <property name="sun.management.compiler" value="HotSpot 64-Bit Tiered Compilers"/>
    <property name="java.runtime.version" value="22.0.2+9-70"/>
    <property name="user.name" value="Bill Qubeka"/>
    <property name="stdout.encoding" value="Cp1252"/>
    <property name="path.separator" value=";"/>
    <property name="os.version" value="10.0"/>
    <property name="java.runtime.name" value="OpenJDK Runtime Environment"/>
    <property name="file.encoding" value="UTF-8"/>
    <property name="java.vm.name" value="OpenJDK 64-Bit Server VM"/>
    <property name="localRepository" value="C:\Users\Bill Qubeka\.m2\repository"/>
    <property name="java.vendor.url.bug" value="https://bugreport.java.com/bugreport/"/>
    <property name="java.io.tmpdir" value="C:\Users\BILLQU~1\AppData\Local\Temp\"/>
    <property name="java.version" value="22.0.2"/>
    <property name="user.dir" value="C:\Users\Bill Qubeka\Desktop\wethinkcode\Cosmic-Final-Exam"/>
    <property name="os.arch" value="amd64"/>
    <property name="java.vm.specification.name" value="Java Virtual Machine Specification"/>
    <property name="sun.os.patch.level" value=""/>
    <property name="native.encoding" value="Cp1252"/>
    <property name="java.util.logging.manager" value="org.apache.logging.log4j.jul.LogManager"/>
    <property name="java.library.path" value="C:\Program Files\OpenJDK\jdk-22.0.2\bin;C:\WINDOWS\Sun\Java\bin;C:\WINDOWS\system32;C:\WINDOWS;C:\Program Files\Common Files\Oracle\Java\javapath;C:\Program Files\Eclipse Adoptium\jdk-21.0.6.7-hotspot\bin;C:\WINDOWS\system32;C:\WINDOWS;C:\WINDOWS\System32\Wbem;C:\WINDOWS\System32\WindowsPowerShell\v1.0\;C:\WINDOWS\System32\OpenSSH\;C:\Program Files\nodejs\;C:\ProgramData\chocolatey\bin;C:\Program Files\OpenJDK\jdk-22.0.2\bin;C:\Program Files\OpenJDK\jdk-22.0.2\bin;C:\Users\Bill Qubeka\Desktop\installations\apache-maven-3.9.9\bin;C:\Program Files\Git\cmd;C:\Users\Bill Qubeka\AppData\Local\Programs\Python\Launcher\;C:\Users\Bill Qubeka\AppData\Local\Microsoft\WindowsApps;;C:\Users\Bill Qubeka\AppData\Local\Programs\Microsoft VS Code\bin;C:\Users\Bill Qubeka\AppData\Roaming\npm;."/>
    <property name="java.vm.info" value="mixed mode, sharing"/>
    <property name="stderr.encoding" value="Cp1252"/>
    <property name="java.vendor" value="Oracle Corporation"/>
    <property name="java.vm.version" value="22.0.2+9-70"/>
    <property name="sun.io.unicode.encoding" value="UnicodeLittle"/>
    <property name="java.class.version" value="66.0"/>
  </properties>
  <testcase name="testDrawPyramidStandardCase" classname="v2.button.panic.CosmicFinalExamTest" time="0.106">
    <failure message="expected: &lt;  #&#10; ##&#10;###&gt; but was: &lt;&gt;" type="org.opentest4j.AssertionFailedError"><![CDATA[org.opentest4j.AssertionFailedError: 
expected: <  #
 ##
###> but was: <>
	at v2.button.panic.CosmicFinalExamTest.testDrawPyramidStandardCase(CosmicFinalExamTest.java:286)
]]></failure>
  </testcase>
  <testcase name="testDrawPyramidLarge" classname="v2.button.panic.CosmicFinalExamTest" time="0.005">
    <failure message="expected: &lt;          #&#10;         ##&#10;        ###&#10;       ####&#10;      #####&#10;     ######&#10;    #######&#10;   ########&#10;  #########&#10; ##########&#10;###########&gt; but was: &lt;&gt;" type="org.opentest4j.AssertionFailedError"><![CDATA[org.opentest4j.AssertionFailedError: 
expected: <          #
         ##
        ###
       ####
      #####
     ######
    #######
   ########
  #########
 ##########
###########> but was: <>
	at v2.button.panic.CosmicFinalExamTest.testDrawPyramidLarge(CosmicFinalExamTest.java:327)
]]></failure>
  </testcase>
  <testcase name="testTagIn" classname="v2.button.panic.CosmicFinalExamTest" time="0.008">
    <failure message="expected: &lt;88.0&gt; but was: &lt;0.0&gt;" type="org.opentest4j.AssertionFailedError"><![CDATA[org.opentest4j.AssertionFailedError: expected: <88.0> but was: <0.0>
	at v2.button.panic.CosmicFinalExamTest.testTagIn(CosmicFinalExamTest.java:37)
]]></failure>
  </testcase>
  <testcase name="testVelocityExtremeValues" classname="v2.button.panic.CosmicFinalExamTest" time="0.004">
    <failure message="expected: &lt;1.0E10&gt; but was: &lt;0.0&gt;" type="org.opentest4j.AssertionFailedError"><![CDATA[org.opentest4j.AssertionFailedError: expected: <1.0E10> but was: <0.0>
	at v2.button.panic.CosmicFinalExamTest.testVelocityExtremeValues(CosmicFinalExamTest.java:229)
]]></failure>
  </testcase>
  <testcase name="testLawOfGravityZeroDistance" classname="v2.button.panic.CosmicFinalExamTest" time="0.009">
    <failure message="r=0 should throw IllegalArgumentException ==&gt; Expected java.lang.IllegalArgumentException to be thrown, but nothing was thrown." type="org.opentest4j.AssertionFailedError">org.opentest4j.AssertionFailedError: r=0 should throw IllegalArgumentException ==> Expected java.lang.IllegalArgumentException to be thrown, but nothing was thrown.
	at v2.button.panic.CosmicFinalExamTest.testLawOfGravityZeroDistance(CosmicFinalExamTest.java:186)
</failure>
  </testcase>
  <testcase name="testTagInAndTagOutDeductsDestinationFare" classname="v2.button.panic.CosmicFinalExamTest" time="0.009">
    <failure message="100 - 12 (tagIn) - 20 (Zenthros) = 68 ==&gt; expected: &lt;68.0&gt; but was: &lt;0.0&gt;" type="org.opentest4j.AssertionFailedError"><![CDATA[org.opentest4j.AssertionFailedError: 100 - 12 (tagIn) - 20 (Zenthros) = 68 ==> expected: <68.0> but was: <0.0>
	at v2.button.panic.CosmicFinalExamTest.testTagInAndTagOutDeductsDestinationFare(CosmicFinalExamTest.java:131)
]]></failure>
  </testcase>
  <testcase name="testDrawPyramidZeroHeight" classname="v2.button.panic.CosmicFinalExamTest" time="0.008"/>
  <testcase name="testLawOfGravityStandardCase" classname="v2.button.panic.CosmicFinalExamTest" time="0.001"/>
  <testcase name="testCaesarCipherEdgeCases" classname="v2.button.panic.CosmicFinalExamTest" time="0.005">
    <failure message="expected: &lt;Hello&gt; but was: &lt;&gt;" type="org.opentest4j.AssertionFailedError"><![CDATA[org.opentest4j.AssertionFailedError: expected: <Hello> but was: <>
	at v2.button.panic.CosmicFinalExamTest.testCaesarCipherEdgeCases(CosmicFinalExamTest.java:255)
]]></failure>
  </testcase>
  <testcase name="testLawOfGravityZeroMass" classname="v2.button.panic.CosmicFinalExamTest" time="0.006"/>
  <testcase name="testIsPrimeEdgeCases" classname="v2.button.panic.CosmicFinalExamTest" time="0.008"/>
  <testcase name="testIsPrimeStandardCases" classname="v2.button.panic.CosmicFinalExamTest" time="0.006">
    <failure message="expected: &lt;true&gt; but was: &lt;false&gt;" type="org.opentest4j.AssertionFailedError"><![CDATA[org.opentest4j.AssertionFailedError: expected: <true> but was: <false>
	at v2.button.panic.CosmicFinalExamTest.testIsPrimeStandardCases(CosmicFinalExamTest.java:351)
]]></failure>
  </testcase>
  <testcase name="testTagOutCaseInsensitiveDestination" classname="v2.button.panic.CosmicFinalExamTest" time="0.004">
    <failure message="Should handle case-insensitive destinations ==&gt; expected: &lt;80.0&gt; but was: &lt;0.0&gt;" type="org.opentest4j.AssertionFailedError"><![CDATA[org.opentest4j.AssertionFailedError: Should handle case-insensitive destinations ==> expected: <80.0> but was: <0.0>
	at v2.button.panic.CosmicFinalExamTest.testTagOutCaseInsensitiveDestination(CosmicFinalExamTest.java:158)
]]></failure>
  </testcase>
  <testcase name="testTransferRejectsNegativeBalances" classname="v2.button.panic.CosmicFinalExamTest" time="0.003">
    <failure message="expected: &lt;48.0&gt; but was: &lt;0.0&gt;" type="org.opentest4j.AssertionFailedError"><![CDATA[org.opentest4j.AssertionFailedError: expected: <48.0> but was: <0.0>
	at v2.button.panic.CosmicFinalExamTest.testTransferRejectsNegativeBalances(CosmicFinalExamTest.java:71)
]]></failure>
  </testcase>
  <testcase name="testVelocityRejectsZeroTime" classname="v2.button.panic.CosmicFinalExamTest" time="0.037">
    <failure message="t=0 should throw IllegalArgumentException ==&gt; Expected java.lang.IllegalArgumentException to be thrown, but nothing was thrown." type="org.opentest4j.AssertionFailedError">org.opentest4j.AssertionFailedError: t=0 should throw IllegalArgumentException ==> Expected java.lang.IllegalArgumentException to be thrown, but nothing was thrown.
	at v2.button.panic.CosmicFinalExamTest.testVelocityRejectsZeroTime(CosmicFinalExamTest.java:216)
</failure>
  </testcase>
  <testcase name="testWelcome" classname="v2.button.panic.CosmicFinalExamTest" time="0.026">
    <failure message="expected: &lt;Fanta&#10;Fanta&#10;Fanta&#10;&gt; but was: &lt;Fanta&#10;Fanta&#10;Fanta&#10;&gt;" type="org.opentest4j.AssertionFailedError"><![CDATA[org.opentest4j.AssertionFailedError: 
expected: <Fanta
Fanta
Fanta
> but was: <Fanta
Fanta
Fanta
>
	at v2.button.panic.CosmicFinalExamTest.testWelcome(CosmicFinalExamTest.java:21)
]]></failure>
  </testcase>
  <testcase name="testIsPrimePerformance" classname="v2.button.panic.CosmicFinalExamTest" time="0.034"/>
  <testcase name="testIsPrimeMethodLength" classname="v2.button.panic.CosmicFinalExamTest" time="0.035"/>
  <testcase name="testVelocityStandardCase" classname="v2.button.panic.CosmicFinalExamTest" time="0.002">
    <failure message="expected: &lt;10.0&gt; but was: &lt;0.0&gt;" type="org.opentest4j.AssertionFailedError"><![CDATA[org.opentest4j.AssertionFailedError: expected: <10.0> but was: <0.0>
	at v2.button.panic.CosmicFinalExamTest.testVelocityStandardCase(CosmicFinalExamTest.java:204)
]]></failure>
  </testcase>
  <testcase name="testCaesarCipherStandardCase" classname="v2.button.panic.CosmicFinalExamTest" time="0.002">
    <failure message="expected: &lt;Khoor&gt; but was: &lt;&gt;" type="org.opentest4j.AssertionFailedError"><![CDATA[org.opentest4j.AssertionFailedError: expected: <Khoor> but was: <>
	at v2.button.panic.CosmicFinalExamTest.testCaesarCipherStandardCase(CosmicFinalExamTest.java:238)
]]></failure>
  </testcase>
  <testcase name="testTransferDeductsExactly2Orglings" classname="v2.button.panic.CosmicFinalExamTest" time="0.013">
    <failure message="expected: &lt;48.0&gt; but was: &lt;0.0&gt;" type="org.opentest4j.AssertionFailedError"><![CDATA[org.opentest4j.AssertionFailedError: expected: <48.0> but was: <0.0>
	at v2.button.panic.CosmicFinalExamTest.testTransferDeductsExactly2Orglings(CosmicFinalExamTest.java:54)
]]></failure>
  </testcase>
  <testcase name="testDrawPyramidRejectsNegativeHeight" classname="v2.button.panic.CosmicFinalExamTest" time="0.006">
    <failure message="Expected java.lang.IllegalArgumentException to be thrown, but nothing was thrown." type="org.opentest4j.AssertionFailedError">org.opentest4j.AssertionFailedError: Expected java.lang.IllegalArgumentException to be thrown, but nothing was thrown.
	at v2.button.panic.CosmicFinalExamTest.testDrawPyramidRejectsNegativeHeight(CosmicFinalExamTest.java:343)
</failure>
  </testcase>
  <testcase name="testOrglingPresentationEasy" classname="v2.button.panic.CosmicFinalExamTest" time="0.006">
    <failure message="expected: &lt;Y&gt; but was: &lt;&gt;" type="org.opentest4j.AssertionFailedError"><![CDATA[org.opentest4j.AssertionFailedError: expected: <Y> but was: <>
	at v2.button.panic.CosmicFinalExamTest.testOrglingPresentationEasy(CosmicFinalExamTest.java:433)
]]></failure>
  </testcase>
  <testcase name="testOrglingPresentationHard" classname="v2.button.panic.CosmicFinalExamTest" time="0.01">
    <failure message="expected: &lt;BBBAY&gt; but was: &lt;&gt;" type="org.opentest4j.AssertionFailedError"><![CDATA[org.opentest4j.AssertionFailedError: expected: <BBBAY> but was: <>
	at v2.button.panic.CosmicFinalExamTest.testOrglingPresentationHard(CosmicFinalExamTest.java:474)
]]></failure>
  </testcase>
  <testcase name="testTagInRejectsNegativeBalances" classname="v2.button.panic.CosmicFinalExamTest" time="0.015">
    <failure message="Should deduct 12 from 100 → 88 ==&gt; expected: &lt;88.0&gt; but was: &lt;0.0&gt;" type="org.opentest4j.AssertionFailedError"><![CDATA[org.opentest4j.AssertionFailedError: Should deduct 12 from 100 → 88 ==> expected: <88.0> but was: <0.0>
	at v2.button.panic.CosmicFinalExamTest.testTagInRejectsNegativeBalances(CosmicFinalExamTest.java:93)
]]></failure>
  </testcase>
  <testcase name="testOrglingPresentationMedium" classname="v2.button.panic.CosmicFinalExamTest" time="0.018">
    <failure message="expected: &lt;BAYY&gt; but was: &lt;&gt;" type="org.opentest4j.AssertionFailedError"><![CDATA[org.opentest4j.AssertionFailedError: expected: <BAYY> but was: <>
	at v2.button.panic.CosmicFinalExamTest.testOrglingPresentationMedium(CosmicFinalExamTest.java:457)
]]></failure>
  </testcase>
  <testcase name="testTagOutRejectsNegativeBalances" classname="v2.button.panic.CosmicFinalExamTest" time="0.013">
    <failure message="Should throw if balance &lt; 20 ==&gt; Expected java.lang.IllegalArgumentException to be thrown, but nothing was thrown." type="org.opentest4j.AssertionFailedError"><![CDATA[org.opentest4j.AssertionFailedError: Should throw if balance < 20 ==> Expected java.lang.IllegalArgumentException to be thrown, but nothing was thrown.
	at v2.button.panic.CosmicFinalExamTest.testTagOutRejectsNegativeBalances(CosmicFinalExamTest.java:146)
]]></failure>
  </testcase>
  <testcase name="testLawOfGravitySmallValues" classname="v2.button.panic.CosmicFinalExamTest" time="0.001"/>
  <testcase name="testDrawPyramidHeightOne" classname="v2.button.panic.CosmicFinalExamTest" time="0.001">
    <failure message="expected: &lt;#&gt; but was: &lt;&gt;" type="org.opentest4j.AssertionFailedError"><![CDATA[org.opentest4j.AssertionFailedError: expected: <#> but was: <>
	at v2.button.panic.CosmicFinalExamTest.testDrawPyramidHeightOne(CosmicFinalExamTest.java:300)
]]></failure>
  </testcase>
  <testcase name="testCaesarCipherNegativeShift" classname="v2.button.panic.CosmicFinalExamTest" time="0.002">
    <failure message="expected: &lt;Ebiil&gt; but was: &lt;&gt;" type="org.opentest4j.AssertionFailedError"><![CDATA[org.opentest4j.AssertionFailedError: expected: <Ebiil> but was: <>
	at v2.button.panic.CosmicFinalExamTest.testCaesarCipherNegativeShift(CosmicFinalExamTest.java:267)
]]></failure>
  </testcase>
  <testcase name="testTagOutDeductsDestinationFare" classname="v2.button.panic.CosmicFinalExamTest" time="0.005">
    <failure message="100 - 20 (Zenthros) = 80 ==&gt; expected: &lt;80.0&gt; but was: &lt;0.0&gt;" type="org.opentest4j.AssertionFailedError"><![CDATA[org.opentest4j.AssertionFailedError: 100 - 20 (Zenthros) = 80 ==> expected: <80.0> but was: <0.0>
	at v2.button.panic.CosmicFinalExamTest.testTagOutDeductsDestinationFare(CosmicFinalExamTest.java:117)
]]></failure>
  </testcase>
</testsuite>